{"/Users/charlizeaponte/Documents/VSCode/SER330/course-registration-system-2025/src/course-offering.js": {"path":"/Users/charlizeaponte/Documents/VSCode/SER330/course-registration-system-2025/src/course-offering.js","statementMap":{"0":{"start":{"line":1,"column":16},"end":{"line":1,"column":39}},"1":{"start":{"line":5,"column":4},"end":{"line":5,"column":24}},"2":{"start":{"line":6,"column":4},"end":{"line":6,"column":38}},"3":{"start":{"line":7,"column":4},"end":{"line":7,"column":26}},"4":{"start":{"line":8,"column":4},"end":{"line":8,"column":20}},"5":{"start":{"line":9,"column":4},"end":{"line":9,"column":26}},"6":{"start":{"line":10,"column":4},"end":{"line":10,"column":32}},"7":{"start":{"line":11,"column":4},"end":{"line":11,"column":20}},"8":{"start":{"line":15,"column":4},"end":{"line":18,"column":5}},"9":{"start":{"line":16,"column":6},"end":{"line":16,"column":43}},"10":{"start":{"line":17,"column":6},"end":{"line":17,"column":35}},"11":{"start":{"line":22,"column":4},"end":{"line":22,"column":34}},"12":{"start":{"line":26,"column":24},"end":{"line":26,"column":97}},"13":{"start":{"line":27,"column":4},"end":{"line":37,"column":5}},"14":{"start":{"line":29,"column":6},"end":{"line":29,"column":43}},"15":{"start":{"line":30,"column":18},"end":{"line":30,"column":33}},"16":{"start":{"line":31,"column":6},"end":{"line":31,"column":37}},"17":{"start":{"line":36,"column":6},"end":{"line":36,"column":41}},"18":{"start":{"line":43,"column":4},"end":{"line":47,"column":5}},"19":{"start":{"line":44,"column":6},"end":{"line":44,"column":42}},"20":{"start":{"line":46,"column":6},"end":{"line":46,"column":33}},"21":{"start":{"line":51,"column":4},"end":{"line":55,"column":5}},"22":{"start":{"line":52,"column":6},"end":{"line":52,"column":194}},"23":{"start":{"line":54,"column":6},"end":{"line":54,"column":136}},"24":{"start":{"line":60,"column":0},"end":{"line":60,"column":31}}},"fnMap":{"0":{"name":"(anonymous_0)","decl":{"start":{"line":4,"column":2},"end":{"line":4,"column":3}},"loc":{"start":{"line":4,"column":53},"end":{"line":12,"column":3}},"line":4},"1":{"name":"(anonymous_1)","decl":{"start":{"line":14,"column":2},"end":{"line":14,"column":3}},"loc":{"start":{"line":14,"column":31},"end":{"line":19,"column":3}},"line":14},"2":{"name":"(anonymous_2)","decl":{"start":{"line":21,"column":2},"end":{"line":21,"column":3}},"loc":{"start":{"line":21,"column":18},"end":{"line":23,"column":3}},"line":21},"3":{"name":"(anonymous_3)","decl":{"start":{"line":25,"column":2},"end":{"line":25,"column":3}},"loc":{"start":{"line":25,"column":32},"end":{"line":38,"column":3}},"line":25},"4":{"name":"(anonymous_4)","decl":{"start":{"line":42,"column":2},"end":{"line":42,"column":3}},"loc":{"start":{"line":42,"column":22},"end":{"line":48,"column":3}},"line":42},"5":{"name":"(anonymous_5)","decl":{"start":{"line":50,"column":2},"end":{"line":50,"column":3}},"loc":{"start":{"line":50,"column":14},"end":{"line":56,"column":3}},"line":50}},"branchMap":{"0":{"loc":{"start":{"line":27,"column":4},"end":{"line":37,"column":5}},"type":"if","locations":[{"start":{"line":27,"column":4},"end":{"line":37,"column":5}},{"start":{"line":35,"column":11},"end":{"line":37,"column":5}}],"line":27},"1":{"loc":{"start":{"line":27,"column":8},"end":{"line":27,"column":65}},"type":"binary-expr","locations":[{"start":{"line":27,"column":8},"end":{"line":27,"column":34}},{"start":{"line":27,"column":38},"end":{"line":27,"column":65}}],"line":27},"2":{"loc":{"start":{"line":43,"column":4},"end":{"line":47,"column":5}},"type":"if","locations":[{"start":{"line":43,"column":4},"end":{"line":47,"column":5}},{"start":{"line":45,"column":11},"end":{"line":47,"column":5}}],"line":43},"3":{"loc":{"start":{"line":51,"column":4},"end":{"line":55,"column":5}},"type":"if","locations":[{"start":{"line":51,"column":4},"end":{"line":55,"column":5}},{"start":{"line":53,"column":11},"end":{"line":55,"column":5}}],"line":51}},"s":{"0":1,"1":0,"2":0,"3":0,"4":0,"5":0,"6":0,"7":0,"8":0,"9":0,"10":0,"11":0,"12":0,"13":0,"14":0,"15":0,"16":0,"17":0,"18":0,"19":0,"20":0,"21":0,"22":0,"23":0,"24":1},"f":{"0":0,"1":0,"2":0,"3":0,"4":0,"5":0},"b":{"0":[0,0],"1":[0,0],"2":[0,0],"3":[0,0]},"_coverageSchema":"1a1c01bbd47fc00a2c39e90264f33305004495a9","hash":"4b80407078e0ec5717b6d1951041023d20e4450b"}
,"/Users/charlizeaponte/Documents/VSCode/SER330/course-registration-system-2025/src/course.js": {"path":"/Users/charlizeaponte/Documents/VSCode/SER330/course-registration-system-2025/src/course.js","statementMap":{"0":{"start":{"line":3,"column":4},"end":{"line":3,"column":32}},"1":{"start":{"line":4,"column":4},"end":{"line":4,"column":24}},"2":{"start":{"line":5,"column":4},"end":{"line":5,"column":20}},"3":{"start":{"line":6,"column":4},"end":{"line":6,"column":26}},"4":{"start":{"line":11,"column":4},"end":{"line":11,"column":86}},"5":{"start":{"line":15,"column":0},"end":{"line":15,"column":23}}},"fnMap":{"0":{"name":"(anonymous_0)","decl":{"start":{"line":2,"column":2},"end":{"line":2,"column":3}},"loc":{"start":{"line":2,"column":50},"end":{"line":7,"column":3}},"line":2},"1":{"name":"(anonymous_1)","decl":{"start":{"line":9,"column":2},"end":{"line":9,"column":3}},"loc":{"start":{"line":9,"column":14},"end":{"line":12,"column":3}},"line":9}},"branchMap":{},"s":{"0":0,"1":0,"2":0,"3":0,"4":0,"5":1},"f":{"0":0,"1":0},"b":{},"_coverageSchema":"1a1c01bbd47fc00a2c39e90264f33305004495a9","hash":"1be0b32af27faa04bc81ed511069140aaca15366"}
,"/Users/charlizeaponte/Documents/VSCode/SER330/course-registration-system-2025/src/institution.js": {"path":"/Users/charlizeaponte/Documents/VSCode/SER330/course-registration-system-2025/src/institution.js","statementMap":{"0":{"start":{"line":1,"column":15},"end":{"line":1,"column":37}},"1":{"start":{"line":2,"column":16},"end":{"line":2,"column":39}},"2":{"start":{"line":3,"column":23},"end":{"line":3,"column":54}},"3":{"start":{"line":4,"column":19},"end":{"line":4,"column":45}},"4":{"start":{"line":8,"column":4},"end":{"line":8,"column":20}},"5":{"start":{"line":9,"column":4},"end":{"line":9,"column":24}},"6":{"start":{"line":10,"column":4},"end":{"line":10,"column":25}},"7":{"start":{"line":11,"column":4},"end":{"line":11,"column":27}},"8":{"start":{"line":12,"column":4},"end":{"line":12,"column":28}},"9":{"start":{"line":13,"column":4},"end":{"line":13,"column":25}},"10":{"start":{"line":17,"column":4},"end":{"line":17,"column":98}},"11":{"start":{"line":19,"column":24},"end":{"line":19,"column":115}},"12":{"start":{"line":19,"column":71},"end":{"line":19,"column":114}},"13":{"start":{"line":20,"column":30},"end":{"line":20,"column":48}},"14":{"start":{"line":22,"column":4},"end":{"line":22,"column":62}},"15":{"start":{"line":22,"column":41},"end":{"line":22,"column":61}},"16":{"start":{"line":24,"column":4},"end":{"line":24,"column":21}},"17":{"start":{"line":28,"column":4},"end":{"line":36,"column":5}},"18":{"start":{"line":29,"column":6},"end":{"line":33,"column":7}},"19":{"start":{"line":30,"column":8},"end":{"line":30,"column":84}},"20":{"start":{"line":32,"column":8},"end":{"line":32,"column":52}},"21":{"start":{"line":35,"column":6},"end":{"line":35,"column":56}},"22":{"start":{"line":40,"column":4},"end":{"line":50,"column":5}},"23":{"start":{"line":41,"column":6},"end":{"line":49,"column":7}},"24":{"start":{"line":42,"column":8},"end":{"line":48,"column":9}},"25":{"start":{"line":43,"column":10},"end":{"line":47,"column":11}},"26":{"start":{"line":44,"column":12},"end":{"line":44,"column":108}},"27":{"start":{"line":46,"column":12},"end":{"line":46,"column":49}},"28":{"start":{"line":54,"column":4},"end":{"line":54,"column":96}},"29":{"start":{"line":55,"column":24},"end":{"line":55,"column":124}},"30":{"start":{"line":55,"column":74},"end":{"line":55,"column":123}},"31":{"start":{"line":56,"column":30},"end":{"line":56,"column":48}},"32":{"start":{"line":57,"column":4},"end":{"line":57,"column":68}},"33":{"start":{"line":57,"column":44},"end":{"line":57,"column":67}},"34":{"start":{"line":58,"column":4},"end":{"line":58,"column":21}},"35":{"start":{"line":62,"column":4},"end":{"line":70,"column":5}},"36":{"start":{"line":63,"column":6},"end":{"line":67,"column":7}},"37":{"start":{"line":64,"column":8},"end":{"line":64,"column":104}},"38":{"start":{"line":66,"column":8},"end":{"line":66,"column":58}},"39":{"start":{"line":69,"column":6},"end":{"line":69,"column":59}},"40":{"start":{"line":74,"column":4},"end":{"line":86,"column":5}},"41":{"start":{"line":75,"column":6},"end":{"line":85,"column":7}},"42":{"start":{"line":76,"column":8},"end":{"line":82,"column":9}},"43":{"start":{"line":77,"column":10},"end":{"line":77,"column":105}},"44":{"start":{"line":79,"column":10},"end":{"line":79,"column":42}},"45":{"start":{"line":80,"column":10},"end":{"line":80,"column":46}},"46":{"start":{"line":81,"column":10},"end":{"line":81,"column":110}},"47":{"start":{"line":84,"column":8},"end":{"line":84,"column":83}},"48":{"start":{"line":90,"column":4},"end":{"line":90,"column":92}},"49":{"start":{"line":91,"column":4},"end":{"line":93,"column":5}},"50":{"start":{"line":92,"column":6},"end":{"line":92,"column":25}},"51":{"start":{"line":94,"column":4},"end":{"line":94,"column":21}},"52":{"start":{"line":98,"column":4},"end":{"line":126,"column":5}},"53":{"start":{"line":99,"column":23},"end":{"line":99,"column":25}},"54":{"start":{"line":100,"column":6},"end":{"line":100,"column":110}},"55":{"start":{"line":101,"column":6},"end":{"line":104,"column":7}},"56":{"start":{"line":102,"column":25},"end":{"line":102,"column":148}},"57":{"start":{"line":102,"column":54},"end":{"line":102,"column":147}},"58":{"start":{"line":103,"column":8},"end":{"line":103,"column":64}},"59":{"start":{"line":103,"column":33},"end":{"line":103,"column":63}},"60":{"start":{"line":105,"column":6},"end":{"line":109,"column":7}},"61":{"start":{"line":106,"column":8},"end":{"line":106,"column":51}},"62":{"start":{"line":106,"column":33},"end":{"line":106,"column":50}},"63":{"start":{"line":108,"column":8},"end":{"line":108,"column":56}},"64":{"start":{"line":111,"column":23},"end":{"line":111,"column":25}},"65":{"start":{"line":112,"column":6},"end":{"line":112,"column":101}},"66":{"start":{"line":113,"column":6},"end":{"line":125,"column":7}},"67":{"start":{"line":114,"column":8},"end":{"line":117,"column":9}},"68":{"start":{"line":115,"column":27},"end":{"line":115,"column":111}},"69":{"start":{"line":115,"column":56},"end":{"line":115,"column":110}},"70":{"start":{"line":116,"column":10},"end":{"line":116,"column":66}},"71":{"start":{"line":116,"column":35},"end":{"line":116,"column":65}},"72":{"start":{"line":118,"column":8},"end":{"line":122,"column":9}},"73":{"start":{"line":119,"column":10},"end":{"line":119,"column":53}},"74":{"start":{"line":119,"column":35},"end":{"line":119,"column":52}},"75":{"start":{"line":121,"column":10},"end":{"line":121,"column":68}},"76":{"start":{"line":124,"column":8},"end":{"line":124,"column":55}},"77":{"start":{"line":130,"column":4},"end":{"line":137,"column":5}},"78":{"start":{"line":131,"column":6},"end":{"line":136,"column":7}},"79":{"start":{"line":132,"column":8},"end":{"line":132,"column":123}},"80":{"start":{"line":133,"column":8},"end":{"line":135,"column":9}},"81":{"start":{"line":134,"column":10},"end":{"line":134,"column":66}},"82":{"start":{"line":141,"column":4},"end":{"line":149,"column":5}},"83":{"start":{"line":142,"column":6},"end":{"line":146,"column":7}},"84":{"start":{"line":143,"column":8},"end":{"line":143,"column":46}},"85":{"start":{"line":145,"column":8},"end":{"line":145,"column":48}},"86":{"start":{"line":148,"column":6},"end":{"line":148,"column":67}},"87":{"start":{"line":153,"column":4},"end":{"line":162,"column":5}},"88":{"start":{"line":154,"column":6},"end":{"line":159,"column":7}},"89":{"start":{"line":155,"column":8},"end":{"line":155,"column":111}},"90":{"start":{"line":156,"column":8},"end":{"line":156,"column":76}},"91":{"start":{"line":158,"column":8},"end":{"line":158,"column":71}},"92":{"start":{"line":161,"column":6},"end":{"line":161,"column":69}},"93":{"start":{"line":166,"column":0},"end":{"line":166,"column":28}}},"fnMap":{"0":{"name":"(anonymous_0)","decl":{"start":{"line":7,"column":2},"end":{"line":7,"column":3}},"loc":{"start":{"line":7,"column":29},"end":{"line":14,"column":3}},"line":7},"1":{"name":"(anonymous_1)","decl":{"start":{"line":16,"column":2},"end":{"line":16,"column":3}},"loc":{"start":{"line":16,"column":18},"end":{"line":25,"column":3}},"line":16},"2":{"name":"(anonymous_2)","decl":{"start":{"line":19,"column":60},"end":{"line":19,"column":61}},"loc":{"start":{"line":19,"column":71},"end":{"line":19,"column":114}},"line":19},"3":{"name":"(anonymous_3)","decl":{"start":{"line":22,"column":30},"end":{"line":22,"column":31}},"loc":{"start":{"line":22,"column":41},"end":{"line":22,"column":61}},"line":22},"4":{"name":"(anonymous_4)","decl":{"start":{"line":27,"column":2},"end":{"line":27,"column":3}},"loc":{"start":{"line":27,"column":27},"end":{"line":37,"column":3}},"line":27},"5":{"name":"(anonymous_5)","decl":{"start":{"line":39,"column":2},"end":{"line":39,"column":3}},"loc":{"start":{"line":39,"column":96},"end":{"line":51,"column":3}},"line":39},"6":{"name":"(anonymous_6)","decl":{"start":{"line":53,"column":2},"end":{"line":53,"column":3}},"loc":{"start":{"line":53,"column":22},"end":{"line":59,"column":3}},"line":53},"7":{"name":"(anonymous_7)","decl":{"start":{"line":55,"column":60},"end":{"line":55,"column":61}},"loc":{"start":{"line":55,"column":74},"end":{"line":55,"column":123}},"line":55},"8":{"name":"(anonymous_8)","decl":{"start":{"line":57,"column":30},"end":{"line":57,"column":31}},"loc":{"start":{"line":57,"column":44},"end":{"line":57,"column":67}},"line":57},"9":{"name":"(anonymous_9)","decl":{"start":{"line":61,"column":2},"end":{"line":61,"column":3}},"loc":{"start":{"line":61,"column":31},"end":{"line":71,"column":3}},"line":61},"10":{"name":"(anonymous_10)","decl":{"start":{"line":73,"column":2},"end":{"line":73,"column":3}},"loc":{"start":{"line":73,"column":89},"end":{"line":87,"column":3}},"line":73},"11":{"name":"(anonymous_11)","decl":{"start":{"line":89,"column":2},"end":{"line":89,"column":3}},"loc":{"start":{"line":89,"column":25},"end":{"line":95,"column":3}},"line":89},"12":{"name":"(anonymous_12)","decl":{"start":{"line":97,"column":2},"end":{"line":97,"column":3}},"loc":{"start":{"line":97,"column":52},"end":{"line":127,"column":3}},"line":97},"13":{"name":"(anonymous_13)","decl":{"start":{"line":102,"column":42},"end":{"line":102,"column":43}},"loc":{"start":{"line":102,"column":54},"end":{"line":102,"column":147}},"line":102},"14":{"name":"(anonymous_14)","decl":{"start":{"line":103,"column":25},"end":{"line":103,"column":26}},"loc":{"start":{"line":103,"column":33},"end":{"line":103,"column":63}},"line":103},"15":{"name":"(anonymous_15)","decl":{"start":{"line":106,"column":25},"end":{"line":106,"column":26}},"loc":{"start":{"line":106,"column":33},"end":{"line":106,"column":50}},"line":106},"16":{"name":"(anonymous_16)","decl":{"start":{"line":115,"column":44},"end":{"line":115,"column":45}},"loc":{"start":{"line":115,"column":56},"end":{"line":115,"column":110}},"line":115},"17":{"name":"(anonymous_17)","decl":{"start":{"line":116,"column":27},"end":{"line":116,"column":28}},"loc":{"start":{"line":116,"column":35},"end":{"line":116,"column":65}},"line":116},"18":{"name":"(anonymous_18)","decl":{"start":{"line":119,"column":27},"end":{"line":119,"column":28}},"loc":{"start":{"line":119,"column":35},"end":{"line":119,"column":52}},"line":119},"19":{"name":"(anonymous_19)","decl":{"start":{"line":129,"column":2},"end":{"line":129,"column":3}},"loc":{"start":{"line":129,"column":84},"end":{"line":138,"column":3}},"line":129},"20":{"name":"(anonymous_20)","decl":{"start":{"line":140,"column":2},"end":{"line":140,"column":3}},"loc":{"start":{"line":140,"column":22},"end":{"line":150,"column":3}},"line":140},"21":{"name":"(anonymous_21)","decl":{"start":{"line":152,"column":2},"end":{"line":152,"column":3}},"loc":{"start":{"line":152,"column":39},"end":{"line":163,"column":3}},"line":152}},"branchMap":{"0":{"loc":{"start":{"line":28,"column":4},"end":{"line":36,"column":5}},"type":"if","locations":[{"start":{"line":28,"column":4},"end":{"line":36,"column":5}},{"start":{"line":34,"column":11},"end":{"line":36,"column":5}}],"line":28},"1":{"loc":{"start":{"line":29,"column":6},"end":{"line":33,"column":7}},"type":"if","locations":[{"start":{"line":29,"column":6},"end":{"line":33,"column":7}},{"start":{"line":31,"column":13},"end":{"line":33,"column":7}}],"line":29},"2":{"loc":{"start":{"line":41,"column":6},"end":{"line":49,"column":7}},"type":"if","locations":[{"start":{"line":41,"column":6},"end":{"line":49,"column":7}},{"start":{},"end":{}}],"line":41},"3":{"loc":{"start":{"line":41,"column":10},"end":{"line":41,"column":184}},"type":"binary-expr","locations":[{"start":{"line":41,"column":10},"end":{"line":41,"column":45}},{"start":{"line":41,"column":49},"end":{"line":41,"column":82}},{"start":{"line":41,"column":86},"end":{"line":41,"column":108}},{"start":{"line":41,"column":112},"end":{"line":41,"column":140}},{"start":{"line":41,"column":144},"end":{"line":41,"column":184}}],"line":41},"4":{"loc":{"start":{"line":42,"column":8},"end":{"line":48,"column":9}},"type":"if","locations":[{"start":{"line":42,"column":8},"end":{"line":48,"column":9}},{"start":{},"end":{}}],"line":42},"5":{"loc":{"start":{"line":43,"column":10},"end":{"line":47,"column":11}},"type":"if","locations":[{"start":{"line":43,"column":10},"end":{"line":47,"column":11}},{"start":{"line":45,"column":17},"end":{"line":47,"column":11}}],"line":43},"6":{"loc":{"start":{"line":62,"column":4},"end":{"line":70,"column":5}},"type":"if","locations":[{"start":{"line":62,"column":4},"end":{"line":70,"column":5}},{"start":{"line":68,"column":11},"end":{"line":70,"column":5}}],"line":62},"7":{"loc":{"start":{"line":63,"column":6},"end":{"line":67,"column":7}},"type":"if","locations":[{"start":{"line":63,"column":6},"end":{"line":67,"column":7}},{"start":{"line":65,"column":13},"end":{"line":67,"column":7}}],"line":63},"8":{"loc":{"start":{"line":75,"column":6},"end":{"line":85,"column":7}},"type":"if","locations":[{"start":{"line":75,"column":6},"end":{"line":85,"column":7}},{"start":{"line":83,"column":13},"end":{"line":85,"column":7}}],"line":75},"9":{"loc":{"start":{"line":75,"column":10},"end":{"line":75,"column":184}},"type":"binary-expr","locations":[{"start":{"line":75,"column":10},"end":{"line":75,"column":45}},{"start":{"line":75,"column":49},"end":{"line":75,"column":82}},{"start":{"line":75,"column":86},"end":{"line":75,"column":108}},{"start":{"line":75,"column":112},"end":{"line":75,"column":140}},{"start":{"line":75,"column":144},"end":{"line":75,"column":184}}],"line":75},"10":{"loc":{"start":{"line":76,"column":8},"end":{"line":82,"column":9}},"type":"if","locations":[{"start":{"line":76,"column":8},"end":{"line":82,"column":9}},{"start":{"line":78,"column":15},"end":{"line":82,"column":9}}],"line":76},"11":{"loc":{"start":{"line":97,"column":39},"end":{"line":97,"column":50}},"type":"default-arg","locations":[{"start":{"line":97,"column":46},"end":{"line":97,"column":50}}],"line":97},"12":{"loc":{"start":{"line":98,"column":4},"end":{"line":126,"column":5}},"type":"if","locations":[{"start":{"line":98,"column":4},"end":{"line":126,"column":5}},{"start":{"line":110,"column":11},"end":{"line":126,"column":5}}],"line":98},"13":{"loc":{"start":{"line":102,"column":54},"end":{"line":102,"column":147}},"type":"binary-expr","locations":[{"start":{"line":102,"column":54},"end":{"line":102,"column":76}},{"start":{"line":102,"column":80},"end":{"line":102,"column":108}},{"start":{"line":102,"column":112},"end":{"line":102,"column":147}}],"line":102},"14":{"loc":{"start":{"line":105,"column":6},"end":{"line":109,"column":7}},"type":"if","locations":[{"start":{"line":105,"column":6},"end":{"line":109,"column":7}},{"start":{"line":107,"column":13},"end":{"line":109,"column":7}}],"line":105},"15":{"loc":{"start":{"line":113,"column":6},"end":{"line":125,"column":7}},"type":"if","locations":[{"start":{"line":113,"column":6},"end":{"line":125,"column":7}},{"start":{"line":123,"column":13},"end":{"line":125,"column":7}}],"line":113},"16":{"loc":{"start":{"line":115,"column":56},"end":{"line":115,"column":110}},"type":"binary-expr","locations":[{"start":{"line":115,"column":56},"end":{"line":115,"column":78}},{"start":{"line":115,"column":82},"end":{"line":115,"column":110}}],"line":115},"17":{"loc":{"start":{"line":118,"column":8},"end":{"line":122,"column":9}},"type":"if","locations":[{"start":{"line":118,"column":8},"end":{"line":122,"column":9}},{"start":{"line":120,"column":15},"end":{"line":122,"column":9}}],"line":118},"18":{"loc":{"start":{"line":131,"column":6},"end":{"line":136,"column":7}},"type":"if","locations":[{"start":{"line":131,"column":6},"end":{"line":136,"column":7}},{"start":{},"end":{}}],"line":131},"19":{"loc":{"start":{"line":131,"column":10},"end":{"line":131,"column":184}},"type":"binary-expr","locations":[{"start":{"line":131,"column":10},"end":{"line":131,"column":45}},{"start":{"line":131,"column":49},"end":{"line":131,"column":82}},{"start":{"line":131,"column":86},"end":{"line":131,"column":108}},{"start":{"line":131,"column":112},"end":{"line":131,"column":140}},{"start":{"line":131,"column":144},"end":{"line":131,"column":184}}],"line":131},"20":{"loc":{"start":{"line":141,"column":4},"end":{"line":149,"column":5}},"type":"if","locations":[{"start":{"line":141,"column":4},"end":{"line":149,"column":5}},{"start":{"line":147,"column":11},"end":{"line":149,"column":5}}],"line":141},"21":{"loc":{"start":{"line":142,"column":6},"end":{"line":146,"column":7}},"type":"if","locations":[{"start":{"line":142,"column":6},"end":{"line":146,"column":7}},{"start":{"line":144,"column":13},"end":{"line":146,"column":7}}],"line":142},"22":{"loc":{"start":{"line":153,"column":4},"end":{"line":162,"column":5}},"type":"if","locations":[{"start":{"line":153,"column":4},"end":{"line":162,"column":5}},{"start":{"line":160,"column":11},"end":{"line":162,"column":5}}],"line":153},"23":{"loc":{"start":{"line":154,"column":6},"end":{"line":159,"column":7}},"type":"if","locations":[{"start":{"line":154,"column":6},"end":{"line":159,"column":7}},{"start":{"line":157,"column":13},"end":{"line":159,"column":7}}],"line":154},"24":{"loc":{"start":{"line":155,"column":58},"end":{"line":155,"column":111}},"type":"binary-expr","locations":[{"start":{"line":155,"column":58},"end":{"line":155,"column":105}},{"start":{"line":155,"column":109},"end":{"line":155,"column":111}}],"line":155}},"s":{"0":1,"1":1,"2":1,"3":1,"4":6,"5":6,"6":6,"7":6,"8":6,"9":6,"10":0,"11":0,"12":0,"13":0,"14":0,"15":0,"16":0,"17":0,"18":0,"19":0,"20":0,"21":0,"22":0,"23":0,"24":0,"25":0,"26":0,"27":0,"28":0,"29":0,"30":0,"31":0,"32":0,"33":0,"34":0,"35":0,"36":0,"37":0,"38":0,"39":0,"40":0,"41":0,"42":0,"43":0,"44":0,"45":0,"46":0,"47":0,"48":0,"49":0,"50":0,"51":0,"52":0,"53":0,"54":0,"55":0,"56":0,"57":0,"58":0,"59":0,"60":0,"61":0,"62":0,"63":0,"64":0,"65":0,"66":0,"67":0,"68":0,"69":0,"70":0,"71":0,"72":0,"73":0,"74":0,"75":0,"76":0,"77":0,"78":0,"79":0,"80":0,"81":0,"82":0,"83":0,"84":0,"85":0,"86":0,"87":0,"88":0,"89":0,"90":0,"91":0,"92":0,"93":1},"f":{"0":6,"1":0,"2":0,"3":0,"4":0,"5":0,"6":0,"7":0,"8":0,"9":0,"10":0,"11":0,"12":0,"13":0,"14":0,"15":0,"16":0,"17":0,"18":0,"19":0,"20":0,"21":0},"b":{"0":[0,0],"1":[0,0],"2":[0,0],"3":[0,0,0,0,0],"4":[0,0],"5":[0,0],"6":[0,0],"7":[0,0],"8":[0,0],"9":[0,0,0,0,0],"10":[0,0],"11":[0],"12":[0,0],"13":[0,0,0],"14":[0,0],"15":[0,0],"16":[0,0],"17":[0,0],"18":[0,0],"19":[0,0,0,0,0],"20":[0,0],"21":[0,0],"22":[0,0],"23":[0,0],"24":[0,0]},"_coverageSchema":"1a1c01bbd47fc00a2c39e90264f33305004495a9","hash":"438b724c05fe72c02748ada3c7ebc256e78948e1"}
,"/Users/charlizeaponte/Documents/VSCode/SER330/course-registration-system-2025/src/instructor.js": {"path":"/Users/charlizeaponte/Documents/VSCode/SER330/course-registration-system-2025/src/instructor.js","statementMap":{"0":{"start":{"line":1,"column":15},"end":{"line":1,"column":37}},"1":{"start":{"line":5,"column":4},"end":{"line":5,"column":75}},"2":{"start":{"line":7,"column":4},"end":{"line":7,"column":25}},"3":{"start":{"line":11,"column":4},"end":{"line":26,"column":5}},"4":{"start":{"line":12,"column":23},"end":{"line":12,"column":108}},"5":{"start":{"line":12,"column":57},"end":{"line":12,"column":107}},"6":{"start":{"line":13,"column":21},"end":{"line":13,"column":103}},"7":{"start":{"line":13,"column":45},"end":{"line":13,"column":102}},"8":{"start":{"line":14,"column":6},"end":{"line":14,"column":52}},"9":{"start":{"line":14,"column":34},"end":{"line":14,"column":51}},"10":{"start":{"line":15,"column":11},"end":{"line":26,"column":5}},"11":{"start":{"line":16,"column":23},"end":{"line":16,"column":78}},"12":{"start":{"line":16,"column":57},"end":{"line":16,"column":77}},"13":{"start":{"line":17,"column":21},"end":{"line":17,"column":103}},"14":{"start":{"line":17,"column":45},"end":{"line":17,"column":102}},"15":{"start":{"line":18,"column":6},"end":{"line":18,"column":52}},"16":{"start":{"line":18,"column":34},"end":{"line":18,"column":51}},"17":{"start":{"line":19,"column":11},"end":{"line":26,"column":5}},"18":{"start":{"line":20,"column":23},"end":{"line":20,"column":84}},"19":{"start":{"line":20,"column":57},"end":{"line":20,"column":83}},"20":{"start":{"line":21,"column":21},"end":{"line":21,"column":103}},"21":{"start":{"line":21,"column":45},"end":{"line":21,"column":102}},"22":{"start":{"line":22,"column":6},"end":{"line":22,"column":52}},"23":{"start":{"line":22,"column":34},"end":{"line":22,"column":51}},"24":{"start":{"line":24,"column":21},"end":{"line":24,"column":111}},"25":{"start":{"line":24,"column":53},"end":{"line":24,"column":110}},"26":{"start":{"line":25,"column":6},"end":{"line":25,"column":52}},"27":{"start":{"line":25,"column":34},"end":{"line":25,"column":51}},"28":{"start":{"line":30,"column":4},"end":{"line":33,"column":48}},"29":{"start":{"line":37,"column":0},"end":{"line":37,"column":27}}},"fnMap":{"0":{"name":"(anonymous_0)","decl":{"start":{"line":4,"column":2},"end":{"line":4,"column":3}},"loc":{"start":{"line":4,"column":67},"end":{"line":8,"column":3}},"line":4},"1":{"name":"(anonymous_1)","decl":{"start":{"line":10,"column":2},"end":{"line":10,"column":3}},"loc":{"start":{"line":10,"column":45},"end":{"line":27,"column":3}},"line":10},"2":{"name":"(anonymous_2)","decl":{"start":{"line":12,"column":47},"end":{"line":12,"column":48}},"loc":{"start":{"line":12,"column":57},"end":{"line":12,"column":107}},"line":12},"3":{"name":"(anonymous_3)","decl":{"start":{"line":13,"column":35},"end":{"line":13,"column":36}},"loc":{"start":{"line":13,"column":45},"end":{"line":13,"column":102}},"line":13},"4":{"name":"(anonymous_4)","decl":{"start":{"line":14,"column":24},"end":{"line":14,"column":25}},"loc":{"start":{"line":14,"column":34},"end":{"line":14,"column":51}},"line":14},"5":{"name":"(anonymous_5)","decl":{"start":{"line":16,"column":47},"end":{"line":16,"column":48}},"loc":{"start":{"line":16,"column":57},"end":{"line":16,"column":77}},"line":16},"6":{"name":"(anonymous_6)","decl":{"start":{"line":17,"column":35},"end":{"line":17,"column":36}},"loc":{"start":{"line":17,"column":45},"end":{"line":17,"column":102}},"line":17},"7":{"name":"(anonymous_7)","decl":{"start":{"line":18,"column":24},"end":{"line":18,"column":25}},"loc":{"start":{"line":18,"column":34},"end":{"line":18,"column":51}},"line":18},"8":{"name":"(anonymous_8)","decl":{"start":{"line":20,"column":47},"end":{"line":20,"column":48}},"loc":{"start":{"line":20,"column":57},"end":{"line":20,"column":83}},"line":20},"9":{"name":"(anonymous_9)","decl":{"start":{"line":21,"column":35},"end":{"line":21,"column":36}},"loc":{"start":{"line":21,"column":45},"end":{"line":21,"column":102}},"line":21},"10":{"name":"(anonymous_10)","decl":{"start":{"line":22,"column":24},"end":{"line":22,"column":25}},"loc":{"start":{"line":22,"column":34},"end":{"line":22,"column":51}},"line":22},"11":{"name":"(anonymous_11)","decl":{"start":{"line":24,"column":43},"end":{"line":24,"column":44}},"loc":{"start":{"line":24,"column":53},"end":{"line":24,"column":110}},"line":24},"12":{"name":"(anonymous_12)","decl":{"start":{"line":25,"column":24},"end":{"line":25,"column":25}},"loc":{"start":{"line":25,"column":34},"end":{"line":25,"column":51}},"line":25},"13":{"name":"(anonymous_13)","decl":{"start":{"line":29,"column":2},"end":{"line":29,"column":3}},"loc":{"start":{"line":29,"column":14},"end":{"line":34,"column":3}},"line":29}},"branchMap":{"0":{"loc":{"start":{"line":10,"column":16},"end":{"line":10,"column":27}},"type":"default-arg","locations":[{"start":{"line":10,"column":23},"end":{"line":10,"column":27}}],"line":10},"1":{"loc":{"start":{"line":10,"column":29},"end":{"line":10,"column":43}},"type":"default-arg","locations":[{"start":{"line":10,"column":39},"end":{"line":10,"column":43}}],"line":10},"2":{"loc":{"start":{"line":11,"column":4},"end":{"line":26,"column":5}},"type":"if","locations":[{"start":{"line":11,"column":4},"end":{"line":26,"column":5}},{"start":{"line":15,"column":11},"end":{"line":26,"column":5}}],"line":11},"3":{"loc":{"start":{"line":11,"column":8},"end":{"line":11,"column":41}},"type":"binary-expr","locations":[{"start":{"line":11,"column":8},"end":{"line":11,"column":21}},{"start":{"line":11,"column":25},"end":{"line":11,"column":41}}],"line":11},"4":{"loc":{"start":{"line":12,"column":57},"end":{"line":12,"column":107}},"type":"binary-expr","locations":[{"start":{"line":12,"column":57},"end":{"line":12,"column":77}},{"start":{"line":12,"column":81},"end":{"line":12,"column":107}}],"line":12},"5":{"loc":{"start":{"line":15,"column":11},"end":{"line":26,"column":5}},"type":"if","locations":[{"start":{"line":15,"column":11},"end":{"line":26,"column":5}},{"start":{"line":19,"column":11},"end":{"line":26,"column":5}}],"line":15},"6":{"loc":{"start":{"line":19,"column":11},"end":{"line":26,"column":5}},"type":"if","locations":[{"start":{"line":19,"column":11},"end":{"line":26,"column":5}},{"start":{"line":23,"column":11},"end":{"line":26,"column":5}}],"line":19}},"s":{"0":1,"1":0,"2":0,"3":0,"4":0,"5":0,"6":0,"7":0,"8":0,"9":0,"10":0,"11":0,"12":0,"13":0,"14":0,"15":0,"16":0,"17":0,"18":0,"19":0,"20":0,"21":0,"22":0,"23":0,"24":0,"25":0,"26":0,"27":0,"28":0,"29":1},"f":{"0":0,"1":0,"2":0,"3":0,"4":0,"5":0,"6":0,"7":0,"8":0,"9":0,"10":0,"11":0,"12":0,"13":0},"b":{"0":[0],"1":[0],"2":[0,0],"3":[0,0],"4":[0,0],"5":[0,0],"6":[0,0]},"_coverageSchema":"1a1c01bbd47fc00a2c39e90264f33305004495a9","hash":"ec01fbb0efcaeb63bd1ce7eeb5f9fbec62b8ed83"}
,"/Users/charlizeaponte/Documents/VSCode/SER330/course-registration-system-2025/src/person.js": {"path":"/Users/charlizeaponte/Documents/VSCode/SER330/course-registration-system-2025/src/person.js","statementMap":{"0":{"start":{"line":3,"column":4},"end":{"line":3,"column":28}},"1":{"start":{"line":4,"column":4},"end":{"line":4,"column":30}},"2":{"start":{"line":5,"column":4},"end":{"line":5,"column":24}},"3":{"start":{"line":9,"column":22},"end":{"line":9,"column":44}},"4":{"start":{"line":10,"column":4},"end":{"line":10,"column":88}},"5":{"start":{"line":11,"column":4},"end":{"line":11,"column":28}},"6":{"start":{"line":12,"column":4},"end":{"line":12,"column":34}},"7":{"start":{"line":16,"column":4},"end":{"line":16,"column":51}},"8":{"start":{"line":21,"column":20},"end":{"line":21,"column":50}},"9":{"start":{"line":22,"column":22},"end":{"line":22,"column":40}},"10":{"start":{"line":23,"column":16},"end":{"line":23,"column":28}},"11":{"start":{"line":24,"column":18},"end":{"line":24,"column":30}},"12":{"start":{"line":25,"column":17},"end":{"line":25,"column":29}},"13":{"start":{"line":26,"column":4},"end":{"line":30,"column":54}},"14":{"start":{"line":34,"column":0},"end":{"line":34,"column":23}}},"fnMap":{"0":{"name":"(anonymous_0)","decl":{"start":{"line":2,"column":2},"end":{"line":2,"column":3}},"loc":{"start":{"line":2,"column":80},"end":{"line":13,"column":3}},"line":2},"1":{"name":"(anonymous_1)","decl":{"start":{"line":15,"column":2},"end":{"line":15,"column":3}},"loc":{"start":{"line":15,"column":15},"end":{"line":17,"column":3}},"line":15},"2":{"name":"(anonymous_2)","decl":{"start":{"line":19,"column":2},"end":{"line":19,"column":3}},"loc":{"start":{"line":19,"column":14},"end":{"line":31,"column":3}},"line":19}},"branchMap":{},"s":{"0":9,"1":9,"2":9,"3":9,"4":9,"5":9,"6":9,"7":2,"8":2,"9":2,"10":2,"11":2,"12":2,"13":2,"14":1},"f":{"0":9,"1":2,"2":2},"b":{},"_coverageSchema":"1a1c01bbd47fc00a2c39e90264f33305004495a9","hash":"5435ff645dfb5b9fec3fa0338a06455ee7588234"}
,"/Users/charlizeaponte/Documents/VSCode/SER330/course-registration-system-2025/src/student.js": {"path":"/Users/charlizeaponte/Documents/VSCode/SER330/course-registration-system-2025/src/student.js","statementMap":{"0":{"start":{"line":1,"column":15},"end":{"line":1,"column":37}},"1":{"start":{"line":5,"column":4},"end":{"line":5,"column":72}},"2":{"start":{"line":6,"column":4},"end":{"line":6,"column":24}},"3":{"start":{"line":7,"column":4},"end":{"line":7,"column":24}},"4":{"start":{"line":11,"column":20},"end":{"line":16,"column":8}},"5":{"start":{"line":13,"column":31},"end":{"line":13,"column":46}},"6":{"start":{"line":14,"column":8},"end":{"line":14,"column":55}},"7":{"start":{"line":14,"column":34},"end":{"line":14,"column":55}},"8":{"start":{"line":15,"column":8},"end":{"line":15,"column":36}},"9":{"start":{"line":17,"column":4},"end":{"line":17,"column":18}},"10":{"start":{"line":21,"column":16},"end":{"line":21,"column":17}},"11":{"start":{"line":22,"column":4},"end":{"line":24,"column":5}},"12":{"start":{"line":23,"column":6},"end":{"line":23,"column":31}},"13":{"start":{"line":25,"column":4},"end":{"line":25,"column":16}},"14":{"start":{"line":29,"column":17},"end":{"line":29,"column":18}},"15":{"start":{"line":30,"column":20},"end":{"line":30,"column":21}},"16":{"start":{"line":32,"column":23},"end":{"line":46,"column":5}},"17":{"start":{"line":48,"column":4},"end":{"line":53,"column":5}},"18":{"start":{"line":49,"column":6},"end":{"line":52,"column":7}},"19":{"start":{"line":50,"column":8},"end":{"line":50,"column":68}},"20":{"start":{"line":51,"column":8},"end":{"line":51,"column":37}},"21":{"start":{"line":55,"column":16},"end":{"line":55,"column":56}},"22":{"start":{"line":56,"column":4},"end":{"line":56,"column":14}},"23":{"start":{"line":60,"column":4},"end":{"line":66,"column":46}},"24":{"start":{"line":70,"column":0},"end":{"line":70,"column":24}}},"fnMap":{"0":{"name":"(anonymous_0)","decl":{"start":{"line":4,"column":2},"end":{"line":4,"column":3}},"loc":{"start":{"line":4,"column":67},"end":{"line":8,"column":3}},"line":4},"1":{"name":"(anonymous_1)","decl":{"start":{"line":10,"column":2},"end":{"line":10,"column":3}},"loc":{"start":{"line":10,"column":18},"end":{"line":18,"column":3}},"line":10},"2":{"name":"(anonymous_2)","decl":{"start":{"line":12,"column":12},"end":{"line":12,"column":13}},"loc":{"start":{"line":12,"column":22},"end":{"line":16,"column":7}},"line":12},"3":{"name":"(anonymous_3)","decl":{"start":{"line":20,"column":2},"end":{"line":20,"column":3}},"loc":{"start":{"line":20,"column":17},"end":{"line":26,"column":3}},"line":20},"4":{"name":"(anonymous_4)","decl":{"start":{"line":28,"column":2},"end":{"line":28,"column":3}},"loc":{"start":{"line":28,"column":13},"end":{"line":57,"column":3}},"line":28},"5":{"name":"(anonymous_5)","decl":{"start":{"line":59,"column":2},"end":{"line":59,"column":3}},"loc":{"start":{"line":59,"column":14},"end":{"line":67,"column":3}},"line":59}},"branchMap":{"0":{"loc":{"start":{"line":14,"column":8},"end":{"line":14,"column":55}},"type":"if","locations":[{"start":{"line":14,"column":8},"end":{"line":14,"column":55}},{"start":{},"end":{}}],"line":14},"1":{"loc":{"start":{"line":49,"column":6},"end":{"line":52,"column":7}},"type":"if","locations":[{"start":{"line":49,"column":6},"end":{"line":52,"column":7}},{"start":{},"end":{}}],"line":49},"2":{"loc":{"start":{"line":55,"column":16},"end":{"line":55,"column":56}},"type":"cond-expr","locations":[{"start":{"line":55,"column":34},"end":{"line":55,"column":35}},{"start":{"line":55,"column":38},"end":{"line":55,"column":56}}],"line":55}},"s":{"0":1,"1":0,"2":0,"3":0,"4":0,"5":0,"6":0,"7":0,"8":0,"9":0,"10":0,"11":0,"12":0,"13":0,"14":0,"15":0,"16":0,"17":0,"18":0,"19":0,"20":0,"21":0,"22":0,"23":0,"24":1},"f":{"0":0,"1":0,"2":0,"3":0,"4":0,"5":0},"b":{"0":[0,0],"1":[0,0],"2":[0,0]},"_coverageSchema":"1a1c01bbd47fc00a2c39e90264f33305004495a9","hash":"0232f9ec325929769bfdd9d768ad92b5b3689c42"}
}
